<?xml version="1.0" encoding="UTF-8"?>
<!-- Generated by org.testng.reporters.JUnitReportReporter -->
<testsuite skipped="0" hostname="DESKTOP-KCLRGFN" name="Test1" tests="1" failures="0" timestamp="06 Mar 2019 19:20:17 GMT" time="320.253" errors="0">
  <testcase name="Test2" time="320.253" classname="Test1"/>
</testsuite> <!-- Test1 -->
