<?xml version="1.0" encoding="UTF-8"?>
<!-- Generated by org.testng.reporters.JUnitReportReporter -->
<testsuite skipped="0" hostname="DESKTOP-KCLRGFN" name="DefectDensity" tests="1" failures="0" timestamp="13 Mar 2019 05:05:57 GMT" time="217.214" errors="0">
  <testcase name="IdentifyProjects" time="217.214" classname="DefectDensity"/>
</testsuite> <!-- DefectDensity -->
